<?xml version="1.0" encoding="UTF-8"?>
<!-- Generated by org.testng.reporters.JUnitXMLReporter -->
<testsuite ignored="0" hostname="DESKTOP-PRGH605" failures="2" tests="4" name="Invalid Login" time="4.426" errors="0" timestamp="2025-03-23T16:27:25 IST">
  <testcase classname="com.rahul.aloneTest.InvalidLogin" name="invalidLoginUsers" time="0.036">
    <skipped/>
  </testcase> <!-- invalidLoginUsers -->
  <testcase classname="com.rahul.aloneTest.InvalidLogin" name="invalidLoginUsers" time="0.042">
    <failure type="java.lang.IllegalArgumentException" message="Keys to send should be a not null CharSequence">
      <![CDATA[java.lang.IllegalArgumentException: Keys to send should be a not null CharSequence
at org.openqa.selenium.remote.RemoteWebElement.sendKeys(RemoteWebElement.java:97)
at com.rahul.pages.MS_Verification.invalidUserLogin(MS_Verification.java:69)
at com.rahul.aloneTest.InvalidLogin.invalidLoginUsers(InvalidLogin.java:18)
at java.base/java.util.ArrayList.forEach(ArrayList.java:1511)
... Removed 25 stack frames]]>
    </failure>
  </testcase> <!-- invalidLoginUsers -->
  <testcase classname="com.rahul.aloneTest.InvalidLogin" name="invalidLoginUsers" time="0.04">
    <skipped/>
  </testcase> <!-- invalidLoginUsers -->
  <testcase classname="com.rahul.aloneTest.InvalidLogin" name="invalidLoginUsers" time="0.017">
    <failure type="java.lang.IllegalArgumentException" message="Keys to send should be a not null CharSequence">
      <![CDATA[java.lang.IllegalArgumentException: Keys to send should be a not null CharSequence
at org.openqa.selenium.remote.RemoteWebElement.sendKeys(RemoteWebElement.java:97)
at com.rahul.pages.MS_Verification.invalidUserLogin(MS_Verification.java:69)
at com.rahul.aloneTest.InvalidLogin.invalidLoginUsers(InvalidLogin.java:18)
at java.base/java.util.ArrayList.forEach(ArrayList.java:1511)
... Removed 25 stack frames]]>
    </failure>
  </testcase> <!-- invalidLoginUsers -->
</testsuite> <!-- Invalid Login -->
