<?xml version="1.0" encoding="UTF-8"?>
<testng-results ignored="0" total="3" passed="3" failed="0" skipped="0">
  <reporter-output>
  </reporter-output>
  <suite started-at="2025-06-13T11:28:25 IST" name="Suite" finished-at="2025-06-13T11:29:17 IST" duration-ms="51687">
    <groups>
    </groups>
    <test started-at="2025-06-13T11:28:25 IST" name="submit order" finished-at="2025-06-13T11:29:03 IST" duration-ms="37612">
      <class name="testNgtests.SubmitOrderTest">
        <test-method signature="submitOrderForProduct()[pri:0, instance:testNgtests.SubmitOrderTest@cd3fee8]" started-at="2025-06-13T11:28:25 IST" name="submitOrderForProduct" finished-at="2025-06-13T11:29:03 IST" duration-ms="37548" status="PASS">
          <reporter-output>
          </reporter-output>
        </test-method> <!-- submitOrderForProduct -->
      </class> <!-- testNgtests.SubmitOrderTest -->
    </test> <!-- submit order -->
    <test started-at="2025-06-13T11:29:03 IST" name="Invalid Login" finished-at="2025-06-13T11:29:17 IST" duration-ms="14045">
      <class name="testNgtests.InvalidLogin">
        <test-method signature="invalidLoginUsers(java.util.HashMap)[pri:0, instance:testNgtests.InvalidLogin@50eac852]" started-at="2025-06-13T11:29:03 IST" name="invalidLoginUsers" data-provider="loginCred" finished-at="2025-06-13T11:29:12 IST" duration-ms="8622" status="PASS">
          <params>
            <param index="0">
              <value>
                <![CDATA[{password=122sddd, email=sp@gmail.com}]]>
              </value>
            </param>
          </params>
          <reporter-output>
          </reporter-output>
        </test-method> <!-- invalidLoginUsers -->
        <test-method signature="invalidLoginUsers(java.util.HashMap)[pri:0, instance:testNgtests.InvalidLogin@50eac852]" started-at="2025-06-13T11:29:12 IST" name="invalidLoginUsers" data-provider="loginCred" finished-at="2025-06-13T11:29:17 IST" duration-ms="4798" status="PASS">
          <params>
            <param index="0">
              <value>
                <![CDATA[{password=221dddd, email=cp@gmail.com}]]>
              </value>
            </param>
          </params>
          <reporter-output>
          </reporter-output>
        </test-method> <!-- invalidLoginUsers -->
      </class> <!-- testNgtests.InvalidLogin -->
    </test> <!-- Invalid Login -->
  </suite> <!-- Suite -->
</testng-results>
