<?xml version="1.0" encoding="UTF-8"?>
<testng-results ignored="0" total="0" passed="0" failed="0" skipped="0">
  <reporter-output>
  </reporter-output>
  <suite started-at="2025-06-09T22:50:22 IST" name="Suite" finished-at="2025-06-09T22:50:23 IST" duration-ms="661">
    <groups>
      <group name="cucumber">
        <method signature="AbstractTestNGCucumberTests.runScenario(io.cucumber.testng.PickleWrapper,io.cucumber.testng.FeatureWrapper)[pri:0, instance:com.rahul.webTestRunner.TesRunners@3857f613]" name="runScenario" class="io.cucumber.testng.AbstractTestNGCucumberTests"/>
      </group> <!-- cucumber -->
    </groups>
    <test started-at="2025-06-09T22:50:22 IST" name="Cucumber Test" finished-at="2025-06-09T22:50:23 IST" duration-ms="661">
      <class name="com.rahul.webTestRunner.TesRunners">
        <test-method is-config="true" signature="setUpClass(org.testng.ITestContext)[pri:0, instance:com.rahul.webTestRunner.TesRunners@3857f613]" started-at="2025-06-09T22:50:22 IST" name="setUpClass" finished-at="2025-06-09T22:50:23 IST" duration-ms="571" status="PASS">
          <params>
            <param index="0">
              <value>
                <![CDATA[org.testng.TestRunner@4275c20c]]>
              </value>
            </param>
          </params>
          <reporter-output>
          </reporter-output>
        </test-method> <!-- setUpClass -->
        <test-method is-config="true" signature="tearDownClass()[pri:0, instance:com.rahul.webTestRunner.TesRunners@3857f613]" started-at="2025-06-09T22:50:23 IST" name="tearDownClass" finished-at="2025-06-09T22:50:23 IST" duration-ms="47" status="PASS">
          <reporter-output>
          </reporter-output>
        </test-method> <!-- tearDownClass -->
      </class> <!-- com.rahul.webTestRunner.TesRunners -->
    </test> <!-- Cucumber Test -->
  </suite> <!-- Suite -->
</testng-results>
